<?xml version="1.0" encoding="UTF-8" ?>
<testsuite tests="3" failures="0" name="com.iut.as2021.mathematics.MathsTest" time="0" errors="0" skipped="0">
  <properties>
[...]
</properties>
  <testcase classname="com.iut.as2021.mathematics.MathsTest" name="testAdditionCasGeneralNombresPositifs" time="0"/>
  <testcase classname="com.iut.as2021.mathematics.MathsTest" name="testAdditionAvecMock" time="0"/>
  <testcase classname="com.iut.as2021.mathematics.MathsTest" name="testDivisionParZero" time="0"/>
</testsuite>