<?xml version="1.0" encoding="UTF-8"?>
<testsuite xmlns:xsi="http://www.w3.org/2001/XMLSchema-instance" xsi:noNamespaceSchemaLocation="https://maven.apache.org/surefire/maven-surefire-plugin/xsd/surefire-test-report-3.0.xsd" version="3.0" name="com.iut.as2021.metier.MathResultatTest" time="0.075" tests="24" errors="0" skipped="0" failures="0">
  <properties>
[...]
</properties>
  <testcase name="_00_testExpressionEstVide" classname="com.iut.as2021.metier.MathResultatTest" time="0"/>
  <testcase name="_05_testExpressionSimpleDivision" classname="com.iut.as2021.metier.MathResultatTest" time="0.006">
    <system-out><![CDATA[
******* START ******* *******
Processing ... : 8/2
Processing ... : 8
Processing ... : 2
- ------ calcul de l'arbre binaire ------ -
-> 1 / direction : INIT
- Operation : DIVISION
- Gauche value : 8.0
- Droite value : 2.0
-> Le Resultat est = 4.0
******* END ******* ******* FINAL : 4.0
]]></system-out>
  </testcase>
  <testcase name="testExpressionPriorityToMultiply" classname="com.iut.as2021.metier.MathResultatTest" time="0.007">
    <system-out><![CDATA[
******* START ******* *******
Processing ... : 2+3*5-1+2
Processing ... : 2
Processing ... : 3*5-1+2
Processing ... : 3*5-1
Processing ... : 3*5
Processing ... : 3
Processing ... : 5
Processing ... : 1
Processing ... : 2
- ------ calcul de l'arbre binaire ------ -
-> 4 / direction : GAUCHE
- Operation : MULTIPLICATION
- Gauche value : 3.0
- Droite value : 5.0
-> Le Resultat est = 15.0
- ------ calcul de l'arbre binaire ------ -
-> 3 / direction : GAUCHE
- Operation : SOUSTRACTION
- Gauche value : 15.0
- Droite value : 1.0
-> Le Resultat est = 14.0
- ------ calcul de l'arbre binaire ------ -
-> 2 / direction : DROITE
- Operation : ADDITION
- Gauche value : 14.0
- Droite value : 2.0
-> Le Resultat est = 16.0
- ------ calcul de l'arbre binaire ------ -
-> 1 / direction : INIT
- Operation : ADDITION
- Gauche value : 2.0
- Droite value : 16.0
-> Le Resultat est = 18.0
******* END ******* ******* FINAL : 18.0
]]></system-out>
  </testcase>
  <testcase name="testExpressionComplexe" classname="com.iut.as2021.metier.MathResultatTest" time="0.006">
    <system-out><![CDATA[
******* START ******* *******
Processing ... : 7+4*3*4+1
Processing ... : 7
Processing ... : 4*3*4+1
Processing ... : 4*3*4
Processing ... : 4
Processing ... : 3*4
Processing ... : 3
Processing ... : 4
Processing ... : 1
- ------ calcul de l'arbre binaire ------ -
-> 4 / direction : DROITE
- Operation : MULTIPLICATION
- Gauche value : 3.0
- Droite value : 4.0
-> Le Resultat est = 12.0
- ------ calcul de l'arbre binaire ------ -
-> 3 / direction : GAUCHE
- Operation : MULTIPLICATION
- Gauche value : 4.0
- Droite value : 12.0
-> Le Resultat est = 48.0
- ------ calcul de l'arbre binaire ------ -
-> 2 / direction : DROITE
- Operation : ADDITION
- Gauche value : 48.0
- Droite value : 1.0
-> Le Resultat est = 49.0
- ------ calcul de l'arbre binaire ------ -
-> 1 / direction : INIT
- Operation : ADDITION
- Gauche value : 7.0
- Droite value : 49.0
-> Le Resultat est = 56.0
******* END ******* ******* FINAL : 56.0
]]></system-out>
  </testcase>
  <testcase name="_01_testExpressionEstNull" classname="com.iut.as2021.metier.MathResultatTest" time="0"/>
  <testcase name="_02_testExpressionSimpleAddition" classname="com.iut.as2021.metier.MathResultatTest" time="0.003">
    <system-out><![CDATA[
******* START ******* *******
Processing ... : 2+3
Processing ... : 2
Processing ... : 3
- ------ calcul de l'arbre binaire ------ -
-> 1 / direction : INIT
- Operation : ADDITION
- Gauche value : 2.0
- Droite value : 3.0
-> Le Resultat est = 5.0
******* END ******* ******* FINAL : 5.0
]]></system-out>
  </testcase>
  <testcase name="testExpressionSimpleSoustractionMultiple" classname="com.iut.as2021.metier.MathResultatTest" time="0.001">
    <system-out><![CDATA[
******* START ******* *******
Processing ... : 7-3+1
Processing ... : 7-3
Processing ... : 7
Processing ... : 3
Processing ... : 1
- ------ calcul de l'arbre binaire ------ -
-> 2 / direction : GAUCHE
- Operation : SOUSTRACTION
- Gauche value : 7.0
- Droite value : 3.0
-> Le Resultat est = 4.0
- ------ calcul de l'arbre binaire ------ -
-> 1 / direction : INIT
- Operation : ADDITION
- Gauche value : 4.0
- Droite value : 1.0
-> Le Resultat est = 5.0
******* END ******* ******* FINAL : 5.0
]]></system-out>
  </testcase>
  <testcase name="_06_testExpressionWithBracketSimpleMultiplication" classname="com.iut.as2021.metier.MathResultatTest" time="0.002">
    <system-out><![CDATA[
******* START ******* *******
Processing ... : [2+3]*7
Processing ... : [2+3]
Processing ... : [2
Processing ... : 3]
Processing ... : 7
- ------ calcul de l'arbre binaire ------ -
-> 2 / direction : GAUCHE
- Operation : ADDITION
- Gauche value : 2.0
- Droite value : 3.0
-> Le Resultat est = 5.0
- ------ calcul de l'arbre binaire ------ -
-> 1 / direction : INIT
- Operation : MULTIPLICATION
- Gauche value : 5.0
- Droite value : 7.0
-> Le Resultat est = 35.0
******* END ******* ******* FINAL : 35.0
]]></system-out>
  </testcase>
  <testcase name="testExpressionSimpleAdditionWithBracket" classname="com.iut.as2021.metier.MathResultatTest" time="0.002">
    <system-out><![CDATA[
******* START ******* *******
Processing ... : [2+3]+11
Processing ... : [2+3]
Processing ... : [2
Processing ... : 3]
Processing ... : 11
- ------ calcul de l'arbre binaire ------ -
-> 2 / direction : GAUCHE
- Operation : ADDITION
- Gauche value : 2.0
- Droite value : 3.0
-> Le Resultat est = 5.0
- ------ calcul de l'arbre binaire ------ -
-> 1 / direction : INIT
- Operation : ADDITION
- Gauche value : 5.0
- Droite value : 11.0
-> Le Resultat est = 16.0
******* END ******* ******* FINAL : 16.0
]]></system-out>
  </testcase>
  <testcase name="testExpressionComplexWithSeveralBrackets" classname="com.iut.as2021.metier.MathResultatTest" time="0.003">
    <system-out><![CDATA[
******* START ******* *******
Processing ... : [[[[[2+3]]*[[4+5]]+2]]]
Processing ... : [[[[[2+3]]*[[4+5]]
Processing ... : [[[[[2+3]]
Processing ... : [[[[[2
Processing ... : 3]]
Processing ... : [[4+5]]
Processing ... : [[4
Processing ... : 5]]
Processing ... : 2]]]
- ------ calcul de l'arbre binaire ------ -
-> 3 / direction : GAUCHE
- Operation : ADDITION
- Gauche value : 2.0
- Droite value : 3.0
-> Le Resultat est = 5.0
- ------ calcul de l'arbre binaire ------ -
-> 3 / direction : DROITE
- Operation : ADDITION
- Gauche value : 4.0
- Droite value : 5.0
-> Le Resultat est = 9.0
- ------ calcul de l'arbre binaire ------ -
-> 2 / direction : GAUCHE
- Operation : MULTIPLICATION
- Gauche value : 5.0
- Droite value : 9.0
-> Le Resultat est = 45.0
- ------ calcul de l'arbre binaire ------ -
-> 1 / direction : INIT
- Operation : ADDITION
- Gauche value : 45.0
- Droite value : 2.0
-> Le Resultat est = 47.0
******* END ******* ******* FINAL : 47.0
]]></system-out>
  </testcase>
  <testcase name="_10_testExpressionSimpleAdditionMultiples" classname="com.iut.as2021.metier.MathResultatTest" time="0.002">
    <system-out><![CDATA[
******* START ******* *******
Processing ... : 2+3-1+7+8
Processing ... : 2
Processing ... : 3-1+7+8
Processing ... : 3-1
Processing ... : 3
Processing ... : 1
Processing ... : 7+8
Processing ... : 7
Processing ... : 8
- ------ calcul de l'arbre binaire ------ -
-> 3 / direction : GAUCHE
- Operation : SOUSTRACTION
- Gauche value : 3.0
- Droite value : 1.0
-> Le Resultat est = 2.0
- ------ calcul de l'arbre binaire ------ -
-> 3 / direction : DROITE
- Operation : ADDITION
- Gauche value : 7.0
- Droite value : 8.0
-> Le Resultat est = 15.0
- ------ calcul de l'arbre binaire ------ -
-> 2 / direction : DROITE
- Operation : ADDITION
- Gauche value : 2.0
- Droite value : 15.0
-> Le Resultat est = 17.0
- ------ calcul de l'arbre binaire ------ -
-> 1 / direction : INIT
- Operation : ADDITION
- Gauche value : 2.0
- Droite value : 17.0
-> Le Resultat est = 19.0
******* END ******* ******* FINAL : 19.0
]]></system-out>
  </testcase>
  <testcase name="testExpressionSimpleAdditionExpressionErronnee" classname="com.iut.as2021.metier.MathResultatTest" time="0.002">
    <system-out><![CDATA[
******* START ******* *******
Processing ... : 2+3+
Processing ... : 2
Processing ... : 3+
Processing ... : 3
- ------ calcul de l'arbre binaire ------ -
-> 2 / direction : DROITE
- Operation : ADDITION
- Gauche value : 3.0
- Droite value : 0.0
-> Le Resultat est = 3.0
- ------ calcul de l'arbre binaire ------ -
-> 1 / direction : INIT
- Operation : ADDITION
- Gauche value : 2.0
- Droite value : 3.0
-> Le Resultat est = 5.0
******* END ******* ******* FINAL : 5.0
]]></system-out>
  </testcase>
  <testcase name="_09_testExpressionWithBracketSimpleSoustraction" classname="com.iut.as2021.metier.MathResultatTest" time="0.002">
    <system-out><![CDATA[
******* START ******* *******
Processing ... : [8+4]-3
Processing ... : [8+4]
Processing ... : [8
Processing ... : 4]
Processing ... : 3
- ------ calcul de l'arbre binaire ------ -
-> 2 / direction : GAUCHE
- Operation : ADDITION
- Gauche value : 8.0
- Droite value : 4.0
-> Le Resultat est = 12.0
- ------ calcul de l'arbre binaire ------ -
-> 1 / direction : INIT
- Operation : SOUSTRACTION
- Gauche value : 12.0
- Droite value : 3.0
-> Le Resultat est = 9.0
******* END ******* ******* FINAL : 9.0
]]></system-out>
  </testcase>
  <testcase name="testExpressionSimpleAdditionWithSeveralBrackets" classname="com.iut.as2021.metier.MathResultatTest" time="0.003">
    <system-out><![CDATA[
******* START ******* *******
Processing ... : [[[[2+3]]*[[4+5]]]]
Processing ... : [[[[2+3]]
Processing ... : [[[[2
Processing ... : 3]]
Processing ... : [[4+5]]]]
Processing ... : [[4
Processing ... : 5]]]]
- ------ calcul de l'arbre binaire ------ -
-> 2 / direction : GAUCHE
- Operation : ADDITION
- Gauche value : 2.0
- Droite value : 3.0
-> Le Resultat est = 5.0
- ------ calcul de l'arbre binaire ------ -
-> 2 / direction : DROITE
- Operation : ADDITION
- Gauche value : 4.0
- Droite value : 5.0
-> Le Resultat est = 9.0
- ------ calcul de l'arbre binaire ------ -
-> 1 / direction : INIT
- Operation : MULTIPLICATION
- Gauche value : 5.0
- Droite value : 9.0
-> Le Resultat est = 45.0
******* END ******* ******* FINAL : 45.0
]]></system-out>
  </testcase>
  <testcase name="testExpressionPriorityToSeveralMultiply" classname="com.iut.as2021.metier.MathResultatTest" time="0.004">
    <system-out><![CDATA[
******* START ******* *******
Processing ... : 2+3*5*2+7
Processing ... : 2
Processing ... : 3*5*2+7
Processing ... : 3*5*2
Processing ... : 3
Processing ... : 5*2
Processing ... : 5
Processing ... : 2
Processing ... : 7
- ------ calcul de l'arbre binaire ------ -
-> 4 / direction : DROITE
- Operation : MULTIPLICATION
- Gauche value : 5.0
- Droite value : 2.0
-> Le Resultat est = 10.0
- ------ calcul de l'arbre binaire ------ -
-> 3 / direction : GAUCHE
- Operation : MULTIPLICATION
- Gauche value : 3.0
- Droite value : 10.0
-> Le Resultat est = 30.0
- ------ calcul de l'arbre binaire ------ -
-> 2 / direction : DROITE
- Operation : ADDITION
- Gauche value : 30.0
- Droite value : 7.0
-> Le Resultat est = 37.0
- ------ calcul de l'arbre binaire ------ -
-> 1 / direction : INIT
- Operation : ADDITION
- Gauche value : 2.0
- Droite value : 37.0
-> Le Resultat est = 39.0
******* END ******* ******* FINAL : 39.0
]]></system-out>
  </testcase>
  <testcase name="testExpressionMultiplicationAndAddition" classname="com.iut.as2021.metier.MathResultatTest" time="0.003">
    <system-out><![CDATA[
******* START ******* *******
Processing ... : 7+4*3+2+1
Processing ... : 7
Processing ... : 4*3+2+1
Processing ... : 4*3
Processing ... : 4
Processing ... : 3
Processing ... : 2+1
Processing ... : 2
Processing ... : 1
- ------ calcul de l'arbre binaire ------ -
-> 3 / direction : GAUCHE
- Operation : MULTIPLICATION
- Gauche value : 4.0
- Droite value : 3.0
-> Le Resultat est = 12.0
- ------ calcul de l'arbre binaire ------ -
-> 3 / direction : DROITE
- Operation : ADDITION
- Gauche value : 2.0
- Droite value : 1.0
-> Le Resultat est = 3.0
- ------ calcul de l'arbre binaire ------ -
-> 2 / direction : DROITE
- Operation : ADDITION
- Gauche value : 12.0
- Droite value : 3.0
-> Le Resultat est = 15.0
- ------ calcul de l'arbre binaire ------ -
-> 1 / direction : INIT
- Operation : ADDITION
- Gauche value : 7.0
- Droite value : 15.0
-> Le Resultat est = 22.0
******* END ******* ******* FINAL : 22.0
]]></system-out>
  </testcase>
  <testcase name="testExpressionSimpleAvecMultiplication" classname="com.iut.as2021.metier.MathResultatTest" time="0.002">
    <system-out><![CDATA[
******* START ******* *******
Processing ... : 7+1*3+1
Processing ... : 7
Processing ... : 1*3+1
Processing ... : 1*3
Processing ... : 1
Processing ... : 3
Processing ... : 1
- ------ calcul de l'arbre binaire ------ -
-> 3 / direction : GAUCHE
- Operation : MULTIPLICATION
- Gauche value : 1.0
- Droite value : 3.0
-> Le Resultat est = 3.0
- ------ calcul de l'arbre binaire ------ -
-> 2 / direction : DROITE
- Operation : ADDITION
- Gauche value : 3.0
- Droite value : 1.0
-> Le Resultat est = 4.0
- ------ calcul de l'arbre binaire ------ -
-> 1 / direction : INIT
- Operation : ADDITION
- Gauche value : 7.0
- Droite value : 4.0
-> Le Resultat est = 11.0
******* END ******* ******* FINAL : 11.0
]]></system-out>
  </testcase>
  <testcase name="_07_testExpressionWithBracketSimpleAddition" classname="com.iut.as2021.metier.MathResultatTest" time="0.002">
    <system-out><![CDATA[
******* START ******* *******
Processing ... : [2+3]+7
Processing ... : [2+3]
Processing ... : [2
Processing ... : 3]
Processing ... : 7
- ------ calcul de l'arbre binaire ------ -
-> 2 / direction : GAUCHE
- Operation : ADDITION
- Gauche value : 2.0
- Droite value : 3.0
-> Le Resultat est = 5.0
- ------ calcul de l'arbre binaire ------ -
-> 1 / direction : INIT
- Operation : ADDITION
- Gauche value : 5.0
- Droite value : 7.0
-> Le Resultat est = 12.0
******* END ******* ******* FINAL : 12.0
]]></system-out>
  </testcase>
  <testcase name="testExpressionSimpleAdditionWithTwoBrackets" classname="com.iut.as2021.metier.MathResultatTest" time="0.001">
    <system-out><![CDATA[
******* START ******* *******
Processing ... : [2+5]+[1*5]
Processing ... : [2+5]
Processing ... : [2
Processing ... : 5]
Processing ... : [1*5]
Processing ... : [1
Processing ... : 5]
- ------ calcul de l'arbre binaire ------ -
-> 2 / direction : GAUCHE
- Operation : ADDITION
- Gauche value : 2.0
- Droite value : 5.0
-> Le Resultat est = 7.0
- ------ calcul de l'arbre binaire ------ -
-> 2 / direction : DROITE
- Operation : MULTIPLICATION
- Gauche value : 1.0
- Droite value : 5.0
-> Le Resultat est = 5.0
- ------ calcul de l'arbre binaire ------ -
-> 1 / direction : INIT
- Operation : ADDITION
- Gauche value : 7.0
- Droite value : 5.0
-> Le Resultat est = 12.0
******* END ******* ******* FINAL : 12.0
]]></system-out>
  </testcase>
  <testcase name="_04_testExpressionSimpleMultiplication" classname="com.iut.as2021.metier.MathResultatTest" time="0.001">
    <system-out><![CDATA[
******* START ******* *******
Processing ... : 9*8
Processing ... : 9
Processing ... : 8
- ------ calcul de l'arbre binaire ------ -
-> 1 / direction : INIT
- Operation : MULTIPLICATION
- Gauche value : 9.0
- Droite value : 8.0
-> Le Resultat est = 72.0
******* END ******* ******* FINAL : 72.0
]]></system-out>
  </testcase>
  <testcase name="_03_testExpressionSimpleSoustraction" classname="com.iut.as2021.metier.MathResultatTest" time="0.001">
    <system-out><![CDATA[
******* START ******* *******
Processing ... : 2-3
Processing ... : 2
Processing ... : 3
- ------ calcul de l'arbre binaire ------ -
-> 1 / direction : INIT
- Operation : SOUSTRACTION
- Gauche value : 2.0
- Droite value : 3.0
-> Le Resultat est = -1.0
******* END ******* ******* FINAL : -1.0
]]></system-out>
  </testcase>
  <testcase name="_08_testExpressionWithBracketSimpleDivision" classname="com.iut.as2021.metier.MathResultatTest" time="0.002">
    <system-out><![CDATA[
******* START ******* *******
Processing ... : [8+4]/3
Processing ... : [8+4]
Processing ... : [8
Processing ... : 4]
Processing ... : 3
- ------ calcul de l'arbre binaire ------ -
-> 2 / direction : GAUCHE
- Operation : ADDITION
- Gauche value : 8.0
- Droite value : 4.0
-> Le Resultat est = 12.0
- ------ calcul de l'arbre binaire ------ -
-> 1 / direction : INIT
- Operation : DIVISION
- Gauche value : 12.0
- Droite value : 3.0
-> Le Resultat est = 4.0
******* END ******* ******* FINAL : 4.0
]]></system-out>
  </testcase>
  <testcase name="testExpressionSimpleAdditionWithSeveralBracketsPlus" classname="com.iut.as2021.metier.MathResultatTest" time="0.002">
    <system-out><![CDATA[
******* START ******* *******
Processing ... : [[[2+3]]*[4+5]+2]
Processing ... : [[[2+3]]*[4+5]
Processing ... : [[[2+3]]
Processing ... : [[[2
Processing ... : 3]]
Processing ... : [4+5]
Processing ... : [4
Processing ... : 5]
Processing ... : 2]
- ------ calcul de l'arbre binaire ------ -
-> 3 / direction : GAUCHE
- Operation : ADDITION
- Gauche value : 2.0
- Droite value : 3.0
-> Le Resultat est = 5.0
- ------ calcul de l'arbre binaire ------ -
-> 3 / direction : DROITE
- Operation : ADDITION
- Gauche value : 4.0
- Droite value : 5.0
-> Le Resultat est = 9.0
- ------ calcul de l'arbre binaire ------ -
-> 2 / direction : GAUCHE
- Operation : MULTIPLICATION
- Gauche value : 5.0
- Droite value : 9.0
-> Le Resultat est = 45.0
- ------ calcul de l'arbre binaire ------ -
-> 1 / direction : INIT
- Operation : ADDITION
- Gauche value : 45.0
- Droite value : 2.0
-> Le Resultat est = 47.0
******* END ******* ******* FINAL : 47.0
]]></system-out>
  </testcase>
  <testcase name="testExpressionSimpleAdditionWithTwoBracketsAndMultiply" classname="com.iut.as2021.metier.MathResultatTest" time="0.002">
    <system-out><![CDATA[
******* START ******* *******
Processing ... : [2+5]*[1+3]
Processing ... : [2+5]
Processing ... : [2
Processing ... : 5]
Processing ... : [1+3]
Processing ... : [1
Processing ... : 3]
- ------ calcul de l'arbre binaire ------ -
-> 2 / direction : GAUCHE
- Operation : ADDITION
- Gauche value : 2.0
- Droite value : 5.0
-> Le Resultat est = 7.0
- ------ calcul de l'arbre binaire ------ -
-> 2 / direction : DROITE
- Operation : ADDITION
- Gauche value : 1.0
- Droite value : 3.0
-> Le Resultat est = 4.0
- ------ calcul de l'arbre binaire ------ -
-> 1 / direction : INIT
- Operation : MULTIPLICATION
- Gauche value : 7.0
- Droite value : 4.0
-> Le Resultat est = 28.0
******* END ******* ******* FINAL : 28.0
]]></system-out>
  </testcase>
</testsuite>